********************************************************************************
*                      Thursday, July 21, 2016 8:46:49 PM                      *
********************************************************************************
CSharpCompilerWrapper.exe version: 1.8.1.0
Platform: Windows
Target assembly: Assembly-CSharp.dll
Project directory: C:\Users\Denny\Development\UnitySeed
Unity 'Data' or 'Frameworks' directory: C:/Program Files/Unity/Editor/Data
Compiler: Microsoft C# 6.0

- Compilation -----------------------------------------------

Process: C:\Users\Denny\Development\UnitySeed\CSharp60Support\Roslyn\csc.exe
Arguments: -nostdlib+ -noconfig -nologo -r:"C:/Program Files/Unity/Editor/Data\Mono/lib/mono/2.0/mscorlib.dll" -r:"C:/Program Files/Unity/Editor/Data\Mono/lib/mono/2.0/System.dll" -r:"C:/Program Files/Unity/Editor/Data\Mono/lib/mono/2.0/System.Core.dll" -r:"C:/Program Files/Unity/Editor/Data\Mono/lib/mono/2.0/System.Xml.dll" @Temp/UnityTempFile-6b18e2a7700f94348b5236dfc3825b05
Exit code: 0
Elapsed time: 0.52 sec

- Compiler output (0 lines):

- Compiler errors (0 lines):

- PDB to MDB conversion --------------------------------------

Process: C:\Users\Denny\Development\UnitySeed\CSharp60Support\Roslyn\pdb2mdb.exe
Arguments: Temp\Assembly-CSharp.dll
Exit code: 0
Elapsed time: 0.07 sec

- pdb2mdb.exe output (0 lines):
********************************************************************************
*                      Thursday, July 21, 2016 8:46:53 PM                      *
********************************************************************************
CSharpCompilerWrapper.exe version: 1.8.1.0
Platform: Windows
Target assembly: Assembly-CSharp.dll
Project directory: C:\Users\Denny\Development\UnitySeed
Unity 'Data' or 'Frameworks' directory: C:/Program Files/Unity/Editor/Data
Compiler: Microsoft C# 6.0

- Compilation -----------------------------------------------

Process: C:\Users\Denny\Development\UnitySeed\CSharp60Support\Roslyn\csc.exe
Arguments: -nostdlib+ -noconfig -nologo -r:"C:/Program Files/Unity/Editor/Data\Mono/lib/mono/2.0/mscorlib.dll" -r:"C:/Program Files/Unity/Editor/Data\Mono/lib/mono/2.0/System.dll" -r:"C:/Program Files/Unity/Editor/Data\Mono/lib/mono/2.0/System.Core.dll" -r:"C:/Program Files/Unity/Editor/Data\Mono/lib/mono/2.0/System.Xml.dll" @Temp/UnityTempFile-e815e973ce4bc9e42848377353ac948b
Exit code: 0
Elapsed time: 0.29 sec

- Compiler output (0 lines):

- Compiler errors (0 lines):

- PDB to MDB conversion --------------------------------------

Process: C:\Users\Denny\Development\UnitySeed\CSharp60Support\Roslyn\pdb2mdb.exe
Arguments: Temp\Assembly-CSharp.dll
Exit code: 0
Elapsed time: 0.03 sec

- pdb2mdb.exe output (0 lines):
********************************************************************************
*                      Thursday, July 21, 2016 8:48:52 PM                      *
********************************************************************************
CSharpCompilerWrapper.exe version: 1.8.1.0
Platform: Windows
Target assembly: Assembly-CSharp.dll
Project directory: C:\Users\Denny\Development\UnitySeed
Unity 'Data' or 'Frameworks' directory: C:/Program Files/Unity/Editor/Data
Compiler: Microsoft C# 6.0

- Compilation -----------------------------------------------

Process: C:\Users\Denny\Development\UnitySeed\CSharp60Support\Roslyn\csc.exe
Arguments: -nostdlib+ -noconfig -nologo -r:"C:/Program Files/Unity/Editor/Data\Mono/lib/mono/2.0/mscorlib.dll" -r:"C:/Program Files/Unity/Editor/Data\Mono/lib/mono/2.0/System.dll" -r:"C:/Program Files/Unity/Editor/Data\Mono/lib/mono/2.0/System.Core.dll" -r:"C:/Program Files/Unity/Editor/Data\Mono/lib/mono/2.0/System.Xml.dll" @Temp/UnityTempFile-3a37de32f4e2e9146acd7e7913e951b8
Exit code: 0
Elapsed time: 0.29 sec

- Compiler output (0 lines):

- Compiler errors (0 lines):

- PDB to MDB conversion --------------------------------------

Process: C:\Users\Denny\Development\UnitySeed\CSharp60Support\Roslyn\pdb2mdb.exe
Arguments: Temp\Assembly-CSharp.dll
Exit code: 0
Elapsed time: 0.03 sec

- pdb2mdb.exe output (0 lines):
********************************************************************************
*                      Thursday, July 21, 2016 8:49:05 PM                      *
********************************************************************************
CSharpCompilerWrapper.exe version: 1.8.1.0
Platform: Windows
Target assembly: Assembly-CSharp.dll
Project directory: C:\Users\Denny\Development\UnitySeed
Unity 'Data' or 'Frameworks' directory: C:/Program Files/Unity/Editor/Data
Compiler: Microsoft C# 6.0

- Compilation -----------------------------------------------

Process: C:\Users\Denny\Development\UnitySeed\CSharp60Support\Roslyn\csc.exe
Arguments: -nostdlib+ -noconfig -nologo -r:"C:/Program Files/Unity/Editor/Data\Mono/lib/mono/2.0/mscorlib.dll" -r:"C:/Program Files/Unity/Editor/Data\Mono/lib/mono/2.0/System.dll" -r:"C:/Program Files/Unity/Editor/Data\Mono/lib/mono/2.0/System.Core.dll" -r:"C:/Program Files/Unity/Editor/Data\Mono/lib/mono/2.0/System.Xml.dll" @Temp/UnityTempFile-62d6be1815a804d42870ee0e03f05f02
Exit code: 0
Elapsed time: 0.28 sec

- Compiler output (0 lines):

- Compiler errors (0 lines):

- PDB to MDB conversion --------------------------------------

Process: C:\Users\Denny\Development\UnitySeed\CSharp60Support\Roslyn\pdb2mdb.exe
Arguments: Temp\Assembly-CSharp.dll
Exit code: 0
Elapsed time: 0.03 sec

- pdb2mdb.exe output (0 lines):
********************************************************************************
*                      Thursday, July 21, 2016 8:50:06 PM                      *
********************************************************************************
CSharpCompilerWrapper.exe version: 1.8.1.0
Platform: Windows
Target assembly: Assembly-CSharp.dll
Project directory: C:\Users\Denny\Development\UnitySeed
Unity 'Data' or 'Frameworks' directory: C:/Program Files/Unity/Editor/Data
Compiler: Microsoft C# 6.0

- Compilation -----------------------------------------------

Process: C:\Users\Denny\Development\UnitySeed\CSharp60Support\Roslyn\csc.exe
Arguments: -nostdlib+ -noconfig -nologo -r:"C:/Program Files/Unity/Editor/Data\Mono/lib/mono/2.0/mscorlib.dll" -r:"C:/Program Files/Unity/Editor/Data\Mono/lib/mono/2.0/System.dll" -r:"C:/Program Files/Unity/Editor/Data\Mono/lib/mono/2.0/System.Core.dll" -r:"C:/Program Files/Unity/Editor/Data\Mono/lib/mono/2.0/System.Xml.dll" @Temp/UnityTempFile-cfd8cc4a4a9bd8c4aabf364386e9fbb7
Exit code: 0
Elapsed time: 0.29 sec

- Compiler output (0 lines):

- Compiler errors (0 lines):

- PDB to MDB conversion --------------------------------------

Process: C:\Users\Denny\Development\UnitySeed\CSharp60Support\Roslyn\pdb2mdb.exe
Arguments: Temp\Assembly-CSharp.dll
Exit code: 0
Elapsed time: 0.03 sec

- pdb2mdb.exe output (0 lines):
